<?xml version="1.0" encoding="UTF-8" ?>
<testsuite errors="0" failures="0" hostname="Note-Dell" name="net.guilhermelacerda.exemplobuild.tests.AllTests" tests="1" time="0.46" timestamp="2013-08-02T20:08:39">
  <properties>
    <property name="java.vendor" value="Oracle Corporation" />
    <property name="lib.dir" value="lib" />
    <property name="sun.java.launcher" value="SUN_STANDARD" />
    <property name="sun.management.compiler" value="HotSpot 64-Bit Tiered Compilers" />
    <property name="checkstyle.conventions.dir" value="lib/conventions" />
    <property name="docs.dir" value="docs" />
    <property name="os.name" value="Windows 7" />
    <property name="sun.boot.class.path" value="C:\jdk1.7\jre\lib\resources.jar;C:\jdk1.7\jre\lib\rt.jar;C:\jdk1.7\jre\lib\sunrsasign.jar;C:\jdk1.7\jre\lib\jsse.jar;C:\jdk1.7\jre\lib\jce.jar;C:\jdk1.7\jre\lib\charsets.jar;C:\jdk1.7\jre\lib\jfr.jar;C:\jdk1.7\jre\classes" />
    <property name="sun.desktop" value="windows" />
    <property name="java.vm.specification.vendor" value="Oracle Corporation" />
    <property name="ant.home" value="c:\ant" />
    <property name="java.runtime.version" value="1.7.0_11-b21" />
    <property name="user.name" value="Guilherme" />
    <property name="emma.report.dir" value="docs/coverage_emma/" />
    <property name="user.language" value="pt" />
    <property name="test.report.dir" value="docs/junitreport" />
    <property name="sun.boot.library.path" value="C:\jdk1.7\jre\bin" />
    <property name="ant.project.default-target" value="tudo" />
    <property name="checkstyle.report.dir" value="docs/conventions" />
    <property name="ant.project.name" value="ExemploBuild" />
    <property name="java.version" value="1.7.0_11" />
    <property name="user.timezone" value="" />
    <property name="sun.arch.data.model" value="64" />
    <property name="jacoco.report.dir" value="docs/coverage_jacoco/" />
    <property name="java.endorsed.dirs" value="C:\jdk1.7\jre\lib\endorsed" />
    <property name="sun.cpu.isalist" value="amd64" />
    <property name="sun.jnu.encoding" value="Cp1252" />
    <property name="file.encoding.pkg" value="sun.io" />
    <property name="file.separator" value="\" />
    <property name="emma.bin.dir" value="docs/coverage_emma/bin" />
    <property name="java.specification.name" value="Java Platform API Specification" />
    <property name="ant.file.ExemploBuild" value="C:\JavaApps\Eclipse\ExemploBuild\build.xml" />
    <property name="java.class.version" value="51.0" />
    <property name="ant.file.type.ExemploBuild" value="file" />
    <property name="user.country" value="BR" />
    <property name="java.home" value="C:\jdk1.7\jre" />
    <property name="java.vm.info" value="mixed mode" />
    <property name="ant.file" value="C:\JavaApps\Eclipse\ExemploBuild\build.xml" />
    <property name="os.version" value="6.1" />
    <property name="path.separator" value=";" />
    <property name="java.vm.version" value="23.6-b04" />
    <property name="user.variant" value="" />
    <property name="ant.library.dir" value="C:\ant\lib" />
    <property name="java.awt.printerjob" value="sun.awt.windows.WPrinterJob" />
    <property name="sun.io.unicode.encoding" value="UnicodeLittle" />
    <property name="awt.toolkit" value="sun.awt.windows.WToolkit" />
    <property name="_jacoco.agentFile" value="C:\Users\GUILHE~1\AppData\Local\Temp\jacocoagent3711933538691644198.jar" />
    <property name="user.script" value="" />
    <property name="user.home" value="C:\Users\Guilherme" />
    <property name="java.specification.vendor" value="Oracle Corporation" />
    <property name="test.dir" value="tests" />
    <property name="java.library.path" value="C:\jdk1.7\jre\bin;C:\Windows\Sun\Java\bin;C:\Windows\system32;C:\Windows;C:\Program Files\Common Files\Microsoft Shared\Windows Live;C:\Program Files (x86)\Common Files\Microsoft Shared\Windows Live;c:\Program Files (x86)\AMD APP\bin\x86_64;c:\Program Files (x86)\AMD APP\bin\x86;C:\Windows\system32;C:\Windows;C:\Windows\System32\Wbem;C:\Windows\System32\WindowsPowerShell\v1.0\;c:\Program Files (x86)\ATI Technologies\ATI.ACE\Core-Static;C:\Program Files (x86)\Windows Live\Shared;C:\Program Files (x86)\Common Files\Roxio Shared\DLLShared\;C:\Program Files (x86)\Common Files\Roxio Shared\OEM\DLLShared\;C:\Program Files (x86)\Common Files\Roxio Shared\OEM\DLLShared\;C:\Program Files (x86)\Common Files\Roxio Shared\OEM\12.0\DLLShared\;C:\Program Files (x86)\Roxio\OEM\AudioCore\;;C:\jdk1.7\bin;C:\xampp\php;c:\ant\bin;c:\maven\bin;C:\Users\Guilherme\AppData\Local\Smartbar\Application\;C:\Users\Guilherme\AppData\Local\Smartbar\Application\;C:\Program Files\MiKTeX 2.9\miktex\bin\x64\;." />
    <property name="java.vendor.url" value="http://java.oracle.com/" />
    <property name="bin.dir" value="bin" />
    <property name="java.vm.vendor" value="Oracle Corporation" />
    <property name="java.runtime.name" value="Java(TM) SE Runtime Environment" />
    <property name="sun.java.command" value="org.apache.tools.ant.taskdefs.optional.junit.JUnitTestRunner testsfile=C:\JavaApps\Eclipse\ExemploBuild\junittestcases8427905139172507956.properties filtertrace=true haltOnError=false haltOnFailure=true formatter=org.apache.tools.ant.taskdefs.optional.junit.SummaryJUnitResultFormatter showoutput=false outputtoformatters=true logfailedtests=true logtestlistenerevents=false formatter=org.apache.tools.ant.taskdefs.optional.junit.XMLJUnitResultFormatter,C:\JavaApps\Eclipse\ExemploBuild\docs\junitreport\IGNORETHIS.xml crashfile=C:\JavaApps\Eclipse\ExemploBuild\junitvmwatcher5673151241295837962.properties propsfile=C:\JavaApps\Eclipse\ExemploBuild\junit1462201804113092781.properties" />
    <property name="java.class.path" value="C:\JavaApps\Eclipse\ExemploBuild\bin;C:\JavaApps\Eclipse\ExemploBuild\lib\ant-junit.jar;C:\JavaApps\Eclipse\ExemploBuild\lib\ant-junit4.jar;C:\JavaApps\Eclipse\ExemploBuild\lib\asm-3.2.jar;C:\JavaApps\Eclipse\ExemploBuild\lib\checkstyle-5.5-all.jar;C:\JavaApps\Eclipse\ExemploBuild\lib\emma.jar;C:\JavaApps\Eclipse\ExemploBuild\lib\emma_ant.jar;C:\JavaApps\Eclipse\ExemploBuild\lib\jacocoagent.jar;C:\JavaApps\Eclipse\ExemploBuild\lib\jacocoant.jar;C:\JavaApps\Eclipse\ExemploBuild\lib\jaxen-1.1.1.jar;C:\JavaApps\Eclipse\ExemploBuild\lib\junit-4.9.jar;C:\JavaApps\Eclipse\ExemploBuild\lib\org.jacoco.agent-0.5.9.201207300726.jar;C:\JavaApps\Eclipse\ExemploBuild\lib\org.jacoco.ant-0.5.9.201207300726.jar;C:\JavaApps\Eclipse\ExemploBuild\lib\org.jacoco.core-0.5.9.201207300726.jar;C:\JavaApps\Eclipse\ExemploBuild\lib\org.jacoco.report-0.5.9.201207300726.jar;C:\JavaApps\Eclipse\ExemploBuild\lib\pmd-5.0.0.jar;C:\JavaApps\Eclipse\ExemploBuild\lib\serializer.jar;C:\JavaApps\Eclipse\ExemploBuild\lib\xalan.jar;C:\JavaApps\Eclipse\ExemploBuild\lib\xercesImpl.jar;C:\JavaApps\Eclipse\ExemploBuild\lib\xml-apis.jar;C:\JavaApps\Eclipse\ExemploBuild\lib\xsltc.jar;C:\JavaApps\Eclipse\ExemploBuild;c:\jdk1.7\jars;c:\pmd\lib;C:\ant\lib\ant-launcher.jar;C:\ant\lib\ant.jar;C:\ant\lib\ant-junit.jar;C:\ant\lib\ant-junit4.jar;C:\Users\GUILHE~1\AppData\Local\Temp\jacocoagent3711933538691644198.jar" />
    <property name="ant.version" value="Apache Ant(TM) version 1.9.1 compiled on May 15 2013" />
    <property name="jacoco.file" value="docs/coverage_jacoco/jacoco.exec" />
    <property name="test.report.html.dir" value="docs/junitreport/html" />
    <property name="pmd.ruleset.file" value="lib/pmd-rules/all-java.xml" />
    <property name="emma.deve.executar" value="true" />
    <property name="java.vm.specification.name" value="Java Virtual Machine Specification" />
    <property name="ant.file.type" value="file" />
    <property name="java.vm.specification.version" value="1.7" />
    <property name="pmd.report.dir" value="docs/code-analysis" />
    <property name="sun.cpu.endian" value="little" />
    <property name="sun.os.patch.level" value="Service Pack 1" />
    <property name="java.io.tmpdir" value="C:\Users\GUILHE~1\AppData\Local\Temp\" />
    <property name="java.vendor.url.bug" value="http://bugreport.sun.com/bugreport/" />
    <property name="java.awt.graphicsenv" value="sun.awt.Win32GraphicsEnvironment" />
    <property name="os.arch" value="amd64" />
    <property name="java.ext.dirs" value="C:\jdk1.7\jre\lib\ext;C:\Windows\Sun\Java\lib\ext" />
    <property name="user.dir" value="C:\JavaApps\Eclipse\ExemploBuild" />
    <property name="jacoco.deve.executar" value="true" />
    <property name="line.separator" value="&#xd;&#xa;" />
    <property name="java.vm.name" value="Java HotSpot(TM) 64-Bit Server VM" />
    <property name="basedir" value="C:\JavaApps\Eclipse\ExemploBuild" />
    <property name="ant.java.version" value="1.7" />
    <property name="ant.core.lib" value="C:\ant\lib\ant.jar" />
    <property name="file.encoding" value="Cp1252" />
    <property name="suite.testes" value="net.guilhermelacerda.exemplobuild.tests.AllTests" />
    <property name="java.specification.version" value="1.7" />
    <property name="src.dir" value="src" />
    <property name="emma.metadata.dir" value="docs/coverage_emma/metadata" />
    <property name="ant.project.invoked-targets" value="tudo" />
  </properties>
  <testcase classname="net.guilhermelacerda.exemplobuild.tests.AloMundoTest" name="testaAloMundo" time="0.004" />
  <system-out><![CDATA[]]></system-out>
  <system-err><![CDATA[]]></system-err>
</testsuite>
